{"/home/spids/desafio/desafio-backend/db/db.js": {"path":"/home/spids/desafio/desafio-backend/db/db.js","statementMap":{"0":{"start":{"line":1,"column":17},"end":{"line":1,"column":36}},"1":{"start":{"line":2,"column":30},"end":{"line":2,"column":62}},"2":{"start":{"line":4,"column":0},"end":{"line":4,"column":26}},"3":{"start":{"line":6,"column":20},"end":{"line":6,"column":43}},"4":{"start":{"line":8,"column":0},"end":{"line":13,"column":1}},"5":{"start":{"line":9,"column":2},"end":{"line":11,"column":3}},"6":{"start":{"line":10,"column":4},"end":{"line":10,"column":37}},"7":{"start":{"line":12,"column":2},"end":{"line":12,"column":100}},"8":{"start":{"line":15,"column":0},"end":{"line":26,"column":1}},"9":{"start":{"line":16,"column":23},"end":{"line":19,"column":3}},"10":{"start":{"line":21,"column":2},"end":{"line":21,"column":43}},"11":{"start":{"line":23,"column":2},"end":{"line":25,"column":4}},"12":{"start":{"line":24,"column":4},"end":{"line":24,"column":59}},"13":{"start":{"line":27,"column":0},"end":{"line":33,"column":1}},"14":{"start":{"line":28,"column":2},"end":{"line":28,"column":29}},"15":{"start":{"line":30,"column":2},"end":{"line":32,"column":3}},"16":{"start":{"line":31,"column":4},"end":{"line":31,"column":28}}},"fnMap":{"0":{"name":"(anonymous_0)","decl":{"start":{"line":8,"column":24},"end":{"line":8,"column":25}},"loc":{"start":{"line":8,"column":36},"end":{"line":13,"column":1}},"line":8},"1":{"name":"(anonymous_1)","decl":{"start":{"line":15,"column":25},"end":{"line":15,"column":26}},"loc":{"start":{"line":15,"column":50},"end":{"line":26,"column":1}},"line":15},"2":{"name":"(anonymous_2)","decl":{"start":{"line":23,"column":35},"end":{"line":23,"column":36}},"loc":{"start":{"line":23,"column":41},"end":{"line":25,"column":3}},"line":23},"3":{"name":"(anonymous_3)","decl":{"start":{"line":27,"column":25},"end":{"line":27,"column":26}},"loc":{"start":{"line":27,"column":37},"end":{"line":33,"column":1}},"line":27}},"branchMap":{"0":{"loc":{"start":{"line":9,"column":2},"end":{"line":11,"column":3}},"type":"if","locations":[{"start":{"line":9,"column":2},"end":{"line":11,"column":3}},{"start":{},"end":{}}],"line":9},"1":{"loc":{"start":{"line":30,"column":2},"end":{"line":32,"column":3}},"type":"if","locations":[{"start":{"line":30,"column":2},"end":{"line":32,"column":3}},{"start":{},"end":{}}],"line":30}},"s":{"0":2,"1":2,"2":2,"3":2,"4":2,"5":3,"6":3,"7":0,"8":2,"9":3,"10":3,"11":3,"12":0,"13":2,"14":3,"15":3,"16":3},"f":{"0":3,"1":3,"2":0,"3":3},"b":{"0":[3,0],"1":[3,0]},"_coverageSchema":"1a1c01bbd47fc00a2c39e90264f33305004495a9","hash":"090fa58a28e6d35c73813576cf87a8ba33bf14ad"}
,"/home/spids/desafio/desafio-backend/src/server.js": {"path":"/home/spids/desafio/desafio-backend/src/server.js","statementMap":{"0":{"start":{"line":1,"column":13},"end":{"line":1,"column":39}},"1":{"start":{"line":2,"column":16},"end":{"line":2,"column":34}},"2":{"start":{"line":3,"column":12},"end":{"line":3,"column":21}},"3":{"start":{"line":4,"column":13},"end":{"line":4,"column":28}},"4":{"start":{"line":5,"column":16},"end":{"line":5,"column":46}},"5":{"start":{"line":6,"column":28},"end":{"line":6,"column":47}},"6":{"start":{"line":7,"column":22},"end":{"line":7,"column":55}},"7":{"start":{"line":8,"column":0},"end":{"line":8,"column":26}},"8":{"start":{"line":10,"column":18},"end":{"line":10,"column":45}},"9":{"start":{"line":12,"column":20},"end":{"line":21,"column":1}},"10":{"start":{"line":14,"column":4},"end":{"line":18,"column":5}},"11":{"start":{"line":15,"column":6},"end":{"line":15,"column":26}},"12":{"start":{"line":17,"column":6},"end":{"line":17,"column":48}},"13":{"start":{"line":22,"column":0},"end":{"line":22,"column":26}},"14":{"start":{"line":24,"column":0},"end":{"line":24,"column":23}},"15":{"start":{"line":25,"column":0},"end":{"line":25,"column":27}},"16":{"start":{"line":27,"column":0},"end":{"line":35,"column":2}},"17":{"start":{"line":28,"column":2},"end":{"line":34,"column":6}},"18":{"start":{"line":30,"column":6},"end":{"line":30,"column":43}},"19":{"start":{"line":33,"column":6},"end":{"line":33,"column":46}},"20":{"start":{"line":36,"column":0},"end":{"line":47,"column":2}},"21":{"start":{"line":37,"column":2},"end":{"line":46,"column":6}},"22":{"start":{"line":39,"column":6},"end":{"line":41,"column":8}},"23":{"start":{"line":40,"column":8},"end":{"line":40,"column":46}},"24":{"start":{"line":42,"column":6},"end":{"line":42,"column":43}},"25":{"start":{"line":45,"column":6},"end":{"line":45,"column":46}},"26":{"start":{"line":48,"column":0},"end":{"line":80,"column":1}},"27":{"start":{"line":49,"column":15},"end":{"line":49,"column":23}},"28":{"start":{"line":51,"column":2},"end":{"line":57,"column":3}},"29":{"start":{"line":51,"column":26},"end":{"line":51,"column":60}},"30":{"start":{"line":53,"column":4},"end":{"line":56,"column":5}},"31":{"start":{"line":58,"column":2},"end":{"line":77,"column":6}},"32":{"start":{"line":61,"column":6},"end":{"line":63,"column":8}},"33":{"start":{"line":62,"column":8},"end":{"line":62,"column":46}},"34":{"start":{"line":64,"column":6},"end":{"line":72,"column":7}},"35":{"start":{"line":65,"column":8},"end":{"line":71,"column":73}},"36":{"start":{"line":69,"column":10},"end":{"line":71,"column":73}},"37":{"start":{"line":73,"column":6},"end":{"line":73,"column":43}},"38":{"start":{"line":76,"column":6},"end":{"line":76,"column":46}},"39":{"start":{"line":80,"column":1},"end":{"line":89,"column":4}},"40":{"start":{"line":81,"column":2},"end":{"line":88,"column":3}},"41":{"start":{"line":82,"column":16},"end":{"line":82,"column":30}},"42":{"start":{"line":83,"column":4},"end":{"line":87,"column":5}},"43":{"start":{"line":85,"column":8},"end":{"line":85,"column":64}},"44":{"start":{"line":92,"column":0},"end":{"line":92,"column":24}}},"fnMap":{"0":{"name":"(anonymous_0)","decl":{"start":{"line":13,"column":10},"end":{"line":13,"column":11}},"loc":{"start":{"line":13,"column":38},"end":{"line":19,"column":3}},"line":13},"1":{"name":"(anonymous_1)","decl":{"start":{"line":27,"column":22},"end":{"line":27,"column":23}},"loc":{"start":{"line":27,"column":36},"end":{"line":35,"column":1}},"line":27},"2":{"name":"(anonymous_2)","decl":{"start":{"line":29,"column":10},"end":{"line":29,"column":11}},"loc":{"start":{"line":29,"column":24},"end":{"line":31,"column":5}},"line":29},"3":{"name":"(anonymous_3)","decl":{"start":{"line":32,"column":11},"end":{"line":32,"column":12}},"loc":{"start":{"line":32,"column":20},"end":{"line":34,"column":5}},"line":32},"4":{"name":"(anonymous_4)","decl":{"start":{"line":36,"column":31},"end":{"line":36,"column":32}},"loc":{"start":{"line":36,"column":45},"end":{"line":47,"column":1}},"line":36},"5":{"name":"(anonymous_5)","decl":{"start":{"line":38,"column":10},"end":{"line":38,"column":11}},"loc":{"start":{"line":38,"column":24},"end":{"line":43,"column":5}},"line":38},"6":{"name":"(anonymous_6)","decl":{"start":{"line":39,"column":23},"end":{"line":39,"column":24}},"loc":{"start":{"line":39,"column":36},"end":{"line":41,"column":7}},"line":39},"7":{"name":"(anonymous_7)","decl":{"start":{"line":44,"column":11},"end":{"line":44,"column":12}},"loc":{"start":{"line":44,"column":20},"end":{"line":46,"column":5}},"line":44},"8":{"name":"(anonymous_8)","decl":{"start":{"line":48,"column":32},"end":{"line":48,"column":33}},"loc":{"start":{"line":48,"column":52},"end":{"line":78,"column":1}},"line":48},"9":{"name":"(anonymous_9)","decl":{"start":{"line":60,"column":10},"end":{"line":60,"column":11}},"loc":{"start":{"line":60,"column":24},"end":{"line":74,"column":5}},"line":60},"10":{"name":"(anonymous_10)","decl":{"start":{"line":61,"column":23},"end":{"line":61,"column":24}},"loc":{"start":{"line":61,"column":36},"end":{"line":63,"column":7}},"line":61},"11":{"name":"(anonymous_11)","decl":{"start":{"line":75,"column":11},"end":{"line":75,"column":12}},"loc":{"start":{"line":75,"column":20},"end":{"line":77,"column":5}},"line":75},"12":{"name":"(anonymous_12)","decl":{"start":{"line":80,"column":2},"end":{"line":80,"column":3}},"loc":{"start":{"line":80,"column":14},"end":{"line":89,"column":1}},"line":80},"13":{"name":"(anonymous_13)","decl":{"start":{"line":84,"column":23},"end":{"line":84,"column":24}},"loc":{"start":{"line":84,"column":33},"end":{"line":86,"column":7}},"line":84}},"branchMap":{"0":{"loc":{"start":{"line":1,"column":13},"end":{"line":1,"column":39}},"type":"binary-expr","locations":[{"start":{"line":1,"column":13},"end":{"line":1,"column":19}},{"start":{"line":1,"column":23},"end":{"line":1,"column":39}}],"line":1},"1":{"loc":{"start":{"line":14,"column":4},"end":{"line":18,"column":5}},"type":"if","locations":[{"start":{"line":14,"column":4},"end":{"line":18,"column":5}},{"start":{"line":16,"column":11},"end":{"line":18,"column":5}}],"line":14},"2":{"loc":{"start":{"line":14,"column":8},"end":{"line":14,"column":51}},"type":"binary-expr","locations":[{"start":{"line":14,"column":8},"end":{"line":14,"column":15}},{"start":{"line":14,"column":19},"end":{"line":14,"column":51}}],"line":14},"3":{"loc":{"start":{"line":51,"column":2},"end":{"line":57,"column":3}},"type":"if","locations":[{"start":{"line":51,"column":2},"end":{"line":57,"column":3}},{"start":{"line":52,"column":7},"end":{"line":57,"column":3}}],"line":51},"4":{"loc":{"start":{"line":64,"column":6},"end":{"line":72,"column":7}},"type":"if","locations":[{"start":{"line":64,"column":6},"end":{"line":72,"column":7}},{"start":{},"end":{}}],"line":64},"5":{"loc":{"start":{"line":65,"column":8},"end":{"line":71,"column":73}},"type":"if","locations":[{"start":{"line":65,"column":8},"end":{"line":71,"column":73}},{"start":{},"end":{}}],"line":65},"6":{"loc":{"start":{"line":66,"column":10},"end":{"line":67,"column":49}},"type":"binary-expr","locations":[{"start":{"line":66,"column":10},"end":{"line":66,"column":43}},{"start":{"line":67,"column":10},"end":{"line":67,"column":49}}],"line":66},"7":{"loc":{"start":{"line":81,"column":2},"end":{"line":88,"column":3}},"type":"if","locations":[{"start":{"line":81,"column":2},"end":{"line":88,"column":3}},{"start":{},"end":{}}],"line":81}},"s":{"0":2,"1":2,"2":2,"3":2,"4":2,"5":2,"6":2,"7":2,"8":2,"9":2,"10":6,"11":6,"12":0,"13":2,"14":2,"15":2,"16":2,"17":1,"18":1,"19":0,"20":2,"21":1,"22":1,"23":3,"24":1,"25":0,"26":2,"27":4,"28":4,"29":2,"30":2,"31":4,"32":4,"33":3,"34":4,"35":2,"36":1,"37":3,"38":0,"39":2,"40":2,"41":0,"42":0,"43":0,"44":2},"f":{"0":6,"1":1,"2":1,"3":0,"4":1,"5":1,"6":3,"7":0,"8":4,"9":4,"10":3,"11":0,"12":2,"13":0},"b":{"0":[2,0],"1":[6,0],"2":[6,0],"3":[2,2],"4":[2,2],"5":[1,1],"6":[2,1],"7":[0,2]},"_coverageSchema":"1a1c01bbd47fc00a2c39e90264f33305004495a9","hash":"3eb08f9172c23843c0b3ede128c9125a5129410a"}
,"/home/spids/desafio/desafio-backend/src/producto/producto.js": {"path":"/home/spids/desafio/desafio-backend/src/producto/producto.js","statementMap":{"0":{"start":{"line":1,"column":17},"end":{"line":1,"column":36}},"1":{"start":{"line":3,"column":16},"end":{"line":9,"column":2}},"2":{"start":{"line":11,"column":0},"end":{"line":11,"column":51}}},"fnMap":{},"branchMap":{},"s":{"0":2,"1":2,"2":2},"f":{},"b":{},"_coverageSchema":"1a1c01bbd47fc00a2c39e90264f33305004495a9","hash":"0f300b1a3d05f7e1e7e7b7672807e460bb9a99ee"}
,"/home/spids/desafio/desafio-backend/utils/applyDiscount.js": {"path":"/home/spids/desafio/desafio-backend/utils/applyDiscount.js","statementMap":{"0":{"start":{"line":1,"column":28},"end":{"line":1,"column":60}},"1":{"start":{"line":2,"column":21},"end":{"line":2,"column":46}},"2":{"start":{"line":4,"column":0},"end":{"line":8,"column":1}},"3":{"start":{"line":5,"column":2},"end":{"line":6,"column":39}},"4":{"start":{"line":6,"column":4},"end":{"line":6,"column":39}},"5":{"start":{"line":7,"column":2},"end":{"line":7,"column":22}}},"fnMap":{"0":{"name":"(anonymous_0)","decl":{"start":{"line":4,"column":17},"end":{"line":4,"column":18}},"loc":{"start":{"line":4,"column":30},"end":{"line":8,"column":1}},"line":4}},"branchMap":{"0":{"loc":{"start":{"line":5,"column":2},"end":{"line":6,"column":39}},"type":"if","locations":[{"start":{"line":5,"column":2},"end":{"line":6,"column":39}},{"start":{},"end":{}}],"line":5},"1":{"loc":{"start":{"line":5,"column":6},"end":{"line":5,"column":59}},"type":"binary-expr","locations":[{"start":{"line":5,"column":6},"end":{"line":5,"column":34}},{"start":{"line":5,"column":38},"end":{"line":5,"column":59}}],"line":5}},"s":{"0":2,"1":2,"2":2,"3":6,"4":4,"5":6},"f":{"0":6},"b":{"0":[4,2],"1":[6,4]},"_coverageSchema":"1a1c01bbd47fc00a2c39e90264f33305004495a9","hash":"62fa321864ee023bf5a48ffb9b2c2743b535d586"}
,"/home/spids/desafio/desafio-backend/utils/isPalindrome.js": {"path":"/home/spids/desafio/desafio-backend/utils/isPalindrome.js","statementMap":{"0":{"start":{"line":1,"column":0},"end":{"line":5,"column":1}},"1":{"start":{"line":2,"column":21},"end":{"line":2,"column":70}},"2":{"start":{"line":3,"column":18},"end":{"line":3,"column":59}},"3":{"start":{"line":4,"column":2},"end":{"line":4,"column":35}}},"fnMap":{"0":{"name":"(anonymous_0)","decl":{"start":{"line":1,"column":17},"end":{"line":1,"column":18}},"loc":{"start":{"line":1,"column":29},"end":{"line":5,"column":1}},"line":1}},"branchMap":{},"s":{"0":2,"1":10,"2":10,"3":10},"f":{"0":10},"b":{},"_coverageSchema":"1a1c01bbd47fc00a2c39e90264f33305004495a9","hash":"bccb433fe2d615226bc7ecc4cc97c2f25bff5bff"}
,"/home/spids/desafio/desafio-backend/utils/isValidInput.js": {"path":"/home/spids/desafio/desafio-backend/utils/isValidInput.js","statementMap":{"0":{"start":{"line":1,"column":0},"end":{"line":7,"column":1}},"1":{"start":{"line":2,"column":2},"end":{"line":6,"column":3}}},"fnMap":{"0":{"name":"(anonymous_0)","decl":{"start":{"line":1,"column":17},"end":{"line":1,"column":18}},"loc":{"start":{"line":1,"column":27},"end":{"line":7,"column":1}},"line":1}},"branchMap":{"0":{"loc":{"start":{"line":3,"column":4},"end":{"line":5,"column":25}},"type":"binary-expr","locations":[{"start":{"line":3,"column":5},"end":{"line":3,"column":35}},{"start":{"line":3,"column":39},"end":{"line":3,"column":67}},{"start":{"line":4,"column":5},"end":{"line":4,"column":29}},{"start":{"line":4,"column":33},"end":{"line":4,"column":55}},{"start":{"line":5,"column":4},"end":{"line":5,"column":25}}],"line":3}},"s":{"0":2,"1":4},"f":{"0":4},"b":{"0":[4,4,0,0,0]},"_coverageSchema":"1a1c01bbd47fc00a2c39e90264f33305004495a9","hash":"85884c3743bfcac703a10baecdb14de6e1285877"}
,"/home/spids/desafio/desafio-backend/utils/productIsPalindrome.js": {"path":"/home/spids/desafio/desafio-backend/utils/productIsPalindrome.js","statementMap":{"0":{"start":{"line":1,"column":21},"end":{"line":1,"column":46}},"1":{"start":{"line":3,"column":0},"end":{"line":9,"column":1}},"2":{"start":{"line":4,"column":2},"end":{"line":8,"column":3}}},"fnMap":{"0":{"name":"(anonymous_0)","decl":{"start":{"line":3,"column":17},"end":{"line":3,"column":18}},"loc":{"start":{"line":3,"column":31},"end":{"line":9,"column":1}},"line":3}},"branchMap":{"0":{"loc":{"start":{"line":5,"column":4},"end":{"line":7,"column":38}},"type":"binary-expr","locations":[{"start":{"line":5,"column":4},"end":{"line":5,"column":37}},{"start":{"line":6,"column":4},"end":{"line":6,"column":32}},{"start":{"line":7,"column":4},"end":{"line":7,"column":38}}],"line":5}},"s":{"0":2,"1":2,"2":6},"f":{"0":6},"b":{"0":[6,2,2]},"_coverageSchema":"1a1c01bbd47fc00a2c39e90264f33305004495a9","hash":"74d2fbfa38216f93f8207af8359e55c6097896c8"}
}
