TN:
SF:db/db.js
FN:8,(anonymous_0)
FN:15,(anonymous_1)
FN:23,(anonymous_2)
FN:27,(anonymous_3)
FNF:4
FNH:3
FNDA:3,(anonymous_0)
FNDA:3,(anonymous_1)
FNDA:0,(anonymous_2)
FNDA:3,(anonymous_3)
DA:1,2
DA:2,2
DA:4,2
DA:6,2
DA:8,2
DA:9,3
DA:10,3
DA:12,0
DA:15,2
DA:16,3
DA:21,3
DA:23,3
DA:24,0
DA:27,2
DA:28,3
DA:30,3
DA:31,3
LF:17
LH:15
BRDA:9,0,0,3
BRDA:9,0,1,0
BRDA:30,1,0,3
BRDA:30,1,1,0
BRF:4
BRH:2
end_of_record
TN:
SF:src/server.js
FN:12,(anonymous_0)
FN:26,(anonymous_1)
FN:28,(anonymous_2)
FN:31,(anonymous_3)
FN:35,(anonymous_4)
FN:37,(anonymous_5)
FN:38,(anonymous_6)
FN:43,(anonymous_7)
FN:47,(anonymous_8)
FN:59,(anonymous_9)
FN:60,(anonymous_10)
FN:74,(anonymous_11)
FN:79,(anonymous_12)
FN:83,(anonymous_13)
FNF:14
FNH:10
FNDA:6,(anonymous_0)
FNDA:1,(anonymous_1)
FNDA:1,(anonymous_2)
FNDA:0,(anonymous_3)
FNDA:1,(anonymous_4)
FNDA:1,(anonymous_5)
FNDA:3,(anonymous_6)
FNDA:0,(anonymous_7)
FNDA:4,(anonymous_8)
FNDA:4,(anonymous_9)
FNDA:3,(anonymous_10)
FNDA:0,(anonymous_11)
FNDA:2,(anonymous_12)
FNDA:0,(anonymous_13)
DA:1,2
DA:2,2
DA:3,2
DA:4,2
DA:5,2
DA:6,2
DA:7,2
DA:9,2
DA:11,2
DA:13,6
DA:14,6
DA:16,0
DA:21,2
DA:23,2
DA:24,2
DA:26,2
DA:27,1
DA:29,1
DA:32,0
DA:35,2
DA:36,1
DA:38,1
DA:39,3
DA:41,1
DA:44,0
DA:47,2
DA:48,4
DA:50,4
DA:52,2
DA:57,4
DA:60,4
DA:61,3
DA:63,4
DA:64,2
DA:68,1
DA:72,3
DA:75,0
DA:79,2
DA:80,2
DA:81,0
DA:82,0
DA:84,0
DA:91,2
LF:43
LH:36
BRDA:1,0,0,2
BRDA:1,0,1,0
BRDA:13,1,0,6
BRDA:13,1,1,0
BRDA:13,2,0,6
BRDA:13,2,1,0
BRDA:50,3,0,2
BRDA:50,3,1,2
BRDA:63,4,0,2
BRDA:63,4,1,2
BRDA:64,5,0,1
BRDA:64,5,1,1
BRDA:65,6,0,2
BRDA:65,6,1,1
BRDA:80,7,0,0
BRDA:80,7,1,2
BRF:16
BRH:12
end_of_record
TN:
SF:src/producto/producto.js
FNF:0
FNH:0
DA:1,2
DA:3,2
DA:11,2
LF:3
LH:3
BRF:0
BRH:0
end_of_record
TN:
SF:utils/applyDiscount.js
FN:4,(anonymous_0)
FNF:1
FNH:1
FNDA:6,(anonymous_0)
DA:1,2
DA:2,2
DA:4,2
DA:5,6
DA:6,4
DA:7,6
LF:6
LH:6
BRDA:5,0,0,4
BRDA:5,0,1,2
BRDA:5,1,0,6
BRDA:5,1,1,4
BRF:4
BRH:4
end_of_record
TN:
SF:utils/isPalindrome.js
FN:1,(anonymous_0)
FNF:1
FNH:1
FNDA:10,(anonymous_0)
DA:1,2
DA:2,10
DA:3,10
DA:4,10
LF:4
LH:4
BRF:0
BRH:0
end_of_record
TN:
SF:utils/isValidInput.js
FN:1,(anonymous_0)
FNF:1
FNH:1
FNDA:4,(anonymous_0)
DA:1,2
DA:2,4
LF:2
LH:2
BRDA:3,0,0,4
BRDA:3,0,1,4
BRDA:3,0,2,0
BRDA:3,0,3,0
BRDA:3,0,4,0
BRF:5
BRH:2
end_of_record
TN:
SF:utils/productIsPalindrome.js
FN:3,(anonymous_0)
FNF:1
FNH:1
FNDA:6,(anonymous_0)
DA:1,2
DA:3,2
DA:4,6
LF:3
LH:3
BRDA:5,0,0,6
BRDA:5,0,1,2
BRDA:5,0,2,2
BRF:3
BRH:3
end_of_record
